<?xml version="1.0" encoding="UTF-8"?>
<testsuite xmlns:xsi="http://www.w3.org/2001/XMLSchema-instance" xsi:noNamespaceSchemaLocation="https://maven.apache.org/surefire/maven-surefire-plugin/xsd/surefire-test-report.xsd" version="3.0.2" name="com.practice.user_management.UserManagementTaskApplicationTests" time="19.381" tests="1" errors="0" skipped="0" failures="0">
  <properties>
[...]
</properties>
  <testcase name="contextLoads" classname="com.practice.user_management.UserManagementTaskApplicationTests" time="1.732">
    <system-out><![CDATA[20:45:56.225 [main] INFO org.springframework.test.context.support.AnnotationConfigContextLoaderUtils -- Could not detect default configuration classes for test class [com.practice.user_management.UserManagementTaskApplicationTests]: UserManagementTaskApplicationTests does not declare any static, non-private, non-final, nested classes annotated with @Configuration.
20:45:56.459 [main] INFO org.springframework.boot.test.context.SpringBootTestContextBootstrapper -- Found @SpringBootConfiguration com.practice.user_management.UserManagementTaskApplication for test class com.practice.user_management.UserManagementTaskApplicationTests

  .   ____          _            __ _ _
 /\\ / ___'_ __ _ _(_)_ __  __ _ \ \ \ \
( ( )\___ | '_ | '_| | '_ \/ _` | \ \ \ \
 \\/  ___)| |_)| | | | | || (_| |  ) ) ) )
  '  |____| .__|_| |_|_| |_\__, | / / / /
 =========|_|==============|___/=/_/_/_/

 :: Spring Boot ::                (v3.4.2)

2025-02-02T20:45:57.507+05:30  INFO 23656 --- [user-management-Task] [           main] c.p.u.UserManagementTaskApplicationTests : Starting UserManagementTaskApplicationTests using Java 17.0.13 with PID 23656 (started by Welcome in D:\backepproject\user-management-Task)
2025-02-02T20:45:57.510+05:30  INFO 23656 --- [user-management-Task] [           main] c.p.u.UserManagementTaskApplicationTests : No active profile set, falling back to 1 default profile: "default"
2025-02-02T20:45:57.586+05:30 DEBUG 23656 --- [user-management-Task] [           main] o.s.w.c.s.GenericWebApplicationContext   : Refreshing org.springframework.web.context.support.GenericWebApplicationContext@25230246
2025-02-02T20:45:59.580+05:30  INFO 23656 --- [user-management-Task] [           main] .s.d.r.c.RepositoryConfigurationDelegate : Bootstrapping Spring Data JPA repositories in DEFAULT mode.
2025-02-02T20:45:59.705+05:30  INFO 23656 --- [user-management-Task] [           main] .s.d.r.c.RepositoryConfigurationDelegate : Finished Spring Data repository scanning in 103 ms. Found 1 JPA repository interface.
2025-02-02T20:46:00.919+05:30  INFO 23656 --- [user-management-Task] [           main] o.hibernate.jpa.internal.util.LogHelper  : HHH000204: Processing PersistenceUnitInfo [name: default]
2025-02-02T20:46:01.069+05:30  INFO 23656 --- [user-management-Task] [           main] org.hibernate.Version                    : HHH000412: Hibernate ORM core version 6.6.5.Final
2025-02-02T20:46:01.155+05:30  INFO 23656 --- [user-management-Task] [           main] o.h.c.internal.RegionFactoryInitiator    : HHH000026: Second-level cache disabled
2025-02-02T20:46:02.217+05:30  INFO 23656 --- [user-management-Task] [           main] o.s.o.j.p.SpringPersistenceUnitInfo      : No LoadTimeWeaver setup: ignoring JPA class transformer
2025-02-02T20:46:02.276+05:30  INFO 23656 --- [user-management-Task] [           main] com.zaxxer.hikari.HikariDataSource       : HikariPool-1 - Starting...
2025-02-02T20:46:03.259+05:30  INFO 23656 --- [user-management-Task] [           main] com.zaxxer.hikari.pool.HikariPool        : HikariPool-1 - Added connection com.mysql.cj.jdbc.ConnectionImpl@57b130f6
2025-02-02T20:46:03.265+05:30  INFO 23656 --- [user-management-Task] [           main] com.zaxxer.hikari.HikariDataSource       : HikariPool-1 - Start completed.
2025-02-02T20:46:03.616+05:30  INFO 23656 --- [user-management-Task] [           main] org.hibernate.orm.connections.pooling    : HHH10001005: Database info:
	Database JDBC URL [Connecting through datasource 'HikariDataSource (HikariPool-1)']
	Database driver: undefined/unknown
	Database version: 8.0.41
	Autocommit mode: undefined/unknown
	Isolation level: undefined/unknown
	Minimum pool size: undefined/unknown
	Maximum pool size: undefined/unknown
2025-02-02T20:46:07.043+05:30  INFO 23656 --- [user-management-Task] [           main] o.h.e.t.j.p.i.JtaPlatformInitiator       : HHH000489: No JTA platform available (set 'hibernate.transaction.jta.platform' to enable JTA platform integration)
2025-02-02T20:46:07.262+05:30  INFO 23656 --- [user-management-Task] [           main] j.LocalContainerEntityManagerFactoryBean : Initialized JPA EntityManagerFactory for persistence unit 'default'
2025-02-02T20:46:09.508+05:30  WARN 23656 --- [user-management-Task] [           main] JpaBaseConfiguration$JpaWebConfiguration : spring.jpa.open-in-view is enabled by default. Therefore, database queries may be performed during view rendering. Explicitly configure spring.jpa.open-in-view to disable this warning
2025-02-02T20:46:09.880+05:30  INFO 23656 --- [user-management-Task] [           main] r$InitializeUserDetailsManagerConfigurer : Global AuthenticationManager configured with UserDetailsService bean with name userDetailsService
2025-02-02T20:46:10.575+05:30 DEBUG 23656 --- [user-management-Task] [           main] s.w.s.m.m.a.RequestMappingHandlerMapping : 11 mappings in 'requestMappingHandlerMapping'
2025-02-02T20:46:10.986+05:30 DEBUG 23656 --- [user-management-Task] [           main] o.s.w.s.handler.SimpleUrlHandlerMapping  : Patterns [/webjars/**, /**, /swagger-ui*/*swagger-initializer.js, /swagger-ui*/**] in 'resourceHandlerMapping'
2025-02-02T20:46:12.337+05:30 DEBUG 23656 --- [user-management-Task] [           main] s.w.s.m.m.a.RequestMappingHandlerAdapter : ControllerAdvice beans: 0 @ModelAttribute, 0 @InitBinder, 1 RequestBodyAdvice, 1 ResponseBodyAdvice
2025-02-02T20:46:12.476+05:30 DEBUG 23656 --- [user-management-Task] [           main] .m.m.a.ExceptionHandlerExceptionResolver : ControllerAdvice beans: 2 @ExceptionHandler, 1 ResponseBodyAdvice
2025-02-02T20:46:13.278+05:30  INFO 23656 --- [user-management-Task] [           main] c.p.u.UserManagementTaskApplicationTests : Started UserManagementTaskApplicationTests in 16.43 seconds (process running for 18.944)
]]></system-out>
  </testcase>
</testsuite>