<?xml version="1.0" encoding="UTF-8"?>
<testsuite xmlns:xsi="http://www.w3.org/2001/XMLSchema-instance" xsi:noNamespaceSchemaLocation="https://maven.apache.org/surefire/maven-surefire-plugin/xsd/surefire-test-report.xsd" version="3.0.2" name="com.practice.user_management.UserServiceTest" time="6.046" tests="7" errors="0" skipped="0" failures="0">
  <properties>
[...]
</properties>
  <testcase name="testDeleteUser_Success" classname="com.practice.user_management.UserServiceTest" time="1.797"/>
  <testcase name="testGetAllUsers" classname="com.practice.user_management.UserServiceTest" time="0.024"/>
  <testcase name="testAuthenticateUser_WrongPassword" classname="com.practice.user_management.UserServiceTest" time="0.308"/>
  <testcase name="testRegisterUser_Success" classname="com.practice.user_management.UserServiceTest" time="3.461">
    <system-out><![CDATA[2025-02-02T20:46:17.897+05:30 DEBUG 23656 --- [user-management-Task] [           main] o.s.web.client.RestTemplate              : HTTP GET https://api64.ipify.org?format=json
2025-02-02T20:46:18.034+05:30 DEBUG 23656 --- [user-management-Task] [           main] o.s.web.client.RestTemplate              : Accept=[application/json, application/yaml, application/*+json]
2025-02-02T20:46:20.172+05:30 DEBUG 23656 --- [user-management-Task] [           main] o.s.web.client.RestTemplate              : Response 200 OK
2025-02-02T20:46:20.175+05:30 DEBUG 23656 --- [user-management-Task] [           main] o.s.web.client.RestTemplate              : Reading to [com.practice.user_management.service.UserImpService$IpResponse]
2025-02-02T20:46:20.214+05:30 DEBUG 23656 --- [user-management-Task] [           main] o.s.web.client.RestTemplate              : HTTP GET http://ip-api.com/json/
2025-02-02T20:46:20.217+05:30 DEBUG 23656 --- [user-management-Task] [           main] o.s.web.client.RestTemplate              : Accept=[application/json, application/yaml, application/*+json]
2025-02-02T20:46:20.822+05:30 DEBUG 23656 --- [user-management-Task] [           main] o.s.web.client.RestTemplate              : Response 200 OK
2025-02-02T20:46:20.824+05:30 DEBUG 23656 --- [user-management-Task] [           main] o.s.web.client.RestTemplate              : Reading to [com.practice.user_management.service.UserImpService$IpCountryApiResponse]
]]></system-out>
  </testcase>
  <testcase name="testDeleteUser_NotFound" classname="com.practice.user_management.UserServiceTest" time="0.011"/>
  <testcase name="testAuthenticateUser_Success" classname="com.practice.user_management.UserServiceTest" time="0.377"/>
  <testcase name="testRegisterUser_EmailAlreadyExists" classname="com.practice.user_management.UserServiceTest" time="0.039"/>
</testsuite>